2026-02-14 22:35:40 [WARNING]  - 13442
2026-02-14 22:35:40 [CRITICAL]  - 5268
2026-02-14 22:35:40 [CRITICAL]  - 25947
2026-02-14 22:35:40 [ERROR] Disk full - 24079
2026-02-14 22:35:40 [ERROR] Out of memory - 4087
2026-02-14 22:35:40 [INFO]  - 18414
2026-02-14 22:35:40 [WARNING]  - 3140
2026-02-14 22:35:40 [CRITICAL]  - 25390
2026-02-14 22:35:40 [DEBUG]  - 23589
2026-02-14 22:35:40 [CRITICAL]  - 16788
2026-02-14 22:35:40 [WARNING]  - 21006
2026-02-14 22:35:40 [INFO]  - 15871
2026-02-14 22:35:40 [INFO]  - 29927
2026-02-14 22:35:40 [INFO]  - 27099
2026-02-14 22:35:40 [ERROR] Segmentation fault - 3823
2026-02-14 22:35:40 [CRITICAL]  - 21357
2026-02-14 22:35:40 [CRITICAL]  - 26730
2026-02-14 22:35:40 [INFO]  - 30008
2026-02-14 22:35:40 [INFO]  - 19130
2026-02-14 22:35:40 [DEBUG]  - 6000
2026-02-14 22:35:40 [WARNING]  - 21804
2026-02-14 22:35:40 [CRITICAL]  - 16413
2026-02-14 22:35:40 [WARNING]  - 31333
2026-02-14 22:35:40 [DEBUG]  - 20297
2026-02-14 22:35:40 [CRITICAL]  - 4031
2026-02-14 22:35:40 [DEBUG]  - 4339
2026-02-14 22:35:40 [ERROR] Failed to connect - 6360
2026-02-14 22:35:40 [WARNING]  - 24704
2026-02-14 22:35:40 [INFO]  - 12517
2026-02-14 22:35:40 [DEBUG]  - 14741
2026-02-14 22:35:40 [ERROR] Invalid input - 9198
2026-02-14 22:35:40 [CRITICAL]  - 1293
2026-02-14 22:35:40 [CRITICAL]  - 31599
2026-02-14 22:35:40 [WARNING]  - 3679
2026-02-14 22:35:40 [WARNING]  - 6612
2026-02-14 22:35:40 [INFO]  - 9722
2026-02-14 22:35:40 [ERROR] Out of memory - 4819
2026-02-14 22:35:40 [WARNING]  - 25808
2026-02-14 22:35:40 [CRITICAL]  - 11449
2026-02-14 22:35:40 [ERROR] Failed to connect - 2863
